<?xml version="1.0" encoding="UTF-8"?>
<!-- Generated by org.testng.reporters.JUnitXMLReporter -->
<testsuite ignored="1" hostname="DESKTOP-QED19D2" failures="0" tests="5" name="POM Regression" time="31.951" errors="0" timestamp="2022-10-01T14:32:38 PDT">
  <testcase classname="com.salesforce.test.tests.TestScripts" name="ForgotPassword_4A" time="1.353"/>
  <testcase classname="com.salesforce.test.tests.TestScripts" name="ForgotPassword_4B" time="1.419"/>
  <testcase classname="com.salesforce.test.tests.TestScripts" name="LoginErrorMsg_TC01" time="1.441"/>
  <testcase classname="com.salesforce.test.tests.TestScripts" name="LoginToSalesforce_TC02" time="5.438"/>
  <testcase classname="com.salesforce.test.tests.TestScripts" name="RememberMe_TC03" time="6.88"/>
  <testcase classname="com.salesforce.test.basetest.BaseTest1" name="LaunchSFDC" time="0.0">
    <ignored/>
  </testcase> <!-- LaunchSFDC -->
</testsuite> <!-- POM Regression -->
