<?xml version="1.0" encoding="UTF-8"?>
<!-- Generated by org.testng.reporters.JUnitXMLReporter -->
<testsuite ignored="1" hostname="DESKTOP-QED19D2" failures="0" tests="5" name="Regression" time="29.743" errors="0" timestamp="2022-10-01T13:59:08 PDT">
  <testcase classname="com.salesforce.test.tests.TestScripts" name="ForgotPassword_4A" time="1.836"/>
  <testcase classname="com.salesforce.test.tests.TestScripts" name="ForgotPassword_4B" time="1.447"/>
  <testcase classname="com.salesforce.test.tests.TestScripts" name="LoginErrorMsg_TC01" time="1.566"/>
  <testcase classname="com.salesforce.test.tests.TestScripts" name="LoginToSalesforce_TC02" time="5.617"/>
  <testcase classname="com.salesforce.test.tests.TestScripts" name="RememberMe_TC03" time="7.144"/>
  <testcase classname="com.salesforce.test.basetest.BaseTest1" name="LaunchSFDC" time="0.0">
    <ignored/>
  </testcase> <!-- LaunchSFDC -->
</testsuite> <!-- Regression -->
